生成启动时间为 2013/11/9 19:14:06。
     1>项目“E:\github\lomox-svn\branches\lomox_IDE_20130301\lomox\lomox.vcxproj”在节点 2 上(Build 个目标)。
     1>CustomBuild:
         Moc'ing lxbasewin.h...
         Moc'ing lxcoreprivate.h...
         Moc'ing lxwebpluginfactory.h...
         Moc'ing lxcoreapplication.h...
         Moc'ing lxdialogoperate.h...
         Moc'ing lxdialogs.h...
         Moc'ing lxdir.h...
         Moc'ing lxfile.h...
         Moc'ing lxlibmanager.h...
         Moc'ing lxlibrary.h...
         Moc'ing lxoperate.h...
         Moc'ing lxHttp.h...
       ClCompile:
         C:\Program Files (x86)\Microsoft Visual Studio 11.0\VC\bin\CL.exe /c /I.\GeneratedFiles /IC:\Qt\4.7.1\include /I.\GeneratedFiles\Release /IC:\Qt\4.7.1\include\qtmain /IC:\Qt\4.7.1\include\QtCore /IC:\Qt\4.7.1\include\QtGui /IC:\Qt\4.7.1\include\QtXml /IC:\Qt\4.7.1\include\QtSql /IC:\Qt\4.7.1\include\QtNetwork /IC:\Qt\4.7.1\include\QtWebKit /IC:\Qt\4.7.1\include\phonon /I.\ /I.\include /I.\implement /Zi /nologo /W1 /WX- /Od /Oy- /D UNICODE /D WIN32 /D QT_LARGEFILE_SUPPORT /D QT_NO_DEBUG /D NDEBUG /D QT_CORE_LIB /D QT_GUI_LIB /D QT_XML_LIB /D QT_SQL_LIB /D QT_NETWORK_LIB /D QT_WEBKIT_LIB /D QT_PHONON_LIB /D LOMOX_LIB /D _WINDLL /Gm- /EHsc /MD /GS /fp:precise /Zc:wchar_t- /Zc:forScope /Fo"Release\\" /Fd"Release\vc110.pdb" /Gd /TP /analyze- /errorReport:prompt stdafx.cpp lxbasewin.cpp lxcoreprivate.cpp lxwebpage.cpp lxwebpluginfactory.cpp lxcoreapplication.cpp lxdialogoperate.cpp lxdialogs.cpp lxdir.cpp lxfile.cpp lxlibmanager.cpp lxlibrary.cpp lomox.cpp lxoperate.cpp lxsqldatabase.cpp lxsqlquery.cpp GeneratedFiles\Release\moc_lxbasewin.cpp GeneratedFiles\Release\moc_lxcoreapplication.cpp GeneratedFiles\Release\moc_lxcoreprivate.cpp GeneratedFiles\Release\moc_lxdialogoperate.cpp GeneratedFiles\Release\moc_lxdialogs.cpp GeneratedFiles\Release\moc_lxdir.cpp GeneratedFiles\Release\moc_lxfile.cpp GeneratedFiles\Release\moc_lxHttp.cpp GeneratedFiles\Release\moc_lxlibmanager.cpp GeneratedFiles\Release\moc_lxlibrary.cpp GeneratedFiles\Release\moc_lxoperate.cpp GeneratedFiles\Release\moc_lxwebpluginfactory.cpp implement\lxhttp.cpp lxapi\Lx_api.cpp
         stdafx.cpp
         lxbasewin.cpp
         lxcoreprivate.cpp
     1>lxcoreprivate.cpp : warning C4819: 该文件包含不能在当前代码页(936)中表示的字符。请将该文件保存为 Unicode 格式以防止数据丢失
         lxwebpage.cpp
         lxwebpluginfactory.cpp
         lxcoreapplication.cpp
     1>lxcoreapplication.cpp : warning C4819: 该文件包含不能在当前代码页(936)中表示的字符。请将该文件保存为 Unicode 格式以防止数据丢失
         lxdialogoperate.cpp
         lxdialogs.cpp
         lxdir.cpp
         lxfile.cpp
         lxlibmanager.cpp
         lxlibrary.cpp
         lomox.cpp
         lxoperate.cpp
         lxsqldatabase.cpp
     1>lxsqldatabase.cpp : warning C4819: 该文件包含不能在当前代码页(936)中表示的字符。请将该文件保存为 Unicode 格式以防止数据丢失
         lxsqlquery.cpp
         moc_lxbasewin.cpp
         moc_lxcoreapplication.cpp
         moc_lxcoreprivate.cpp
         moc_lxdialogoperate.cpp
         正在生成代码...
         正在编译...
         moc_lxdialogs.cpp
         moc_lxdir.cpp
         moc_lxfile.cpp
         moc_lxHttp.cpp
         moc_lxlibmanager.cpp
         moc_lxlibrary.cpp
         moc_lxoperate.cpp
         moc_lxwebpluginfactory.cpp
         lxhttp.cpp
         Lx_api.cpp
         正在生成代码...
       ResourceCompile:
         C:\Program Files (x86)\Windows Kits\8.0\bin\x86\rc.exe /l"0x0409" /nologo /fo"Release\resource.res" resource.rc 
       Link:
         C:\Program Files (x86)\Microsoft Visual Studio 11.0\VC\bin\link.exe /ERRORREPORT:PROMPT /OUT:"../Release\lomox.dll" /NOLOGO /LIBPATH:C:\Qt\4.7.1\lib qtmain.lib QtCore4.lib QtGui4.lib QtXml4.lib QtSql4.lib QtNetwork4.lib QtWebKit4.lib phonon4.lib QtScript4.lib kernel32.lib user32.lib gdi32.lib winspool.lib comdlg32.lib advapi32.lib shell32.lib ole32.lib oleaut32.lib uuid.lib odbc32.lib odbccp32.lib /MANIFEST /MANIFESTUAC:"level='asInvoker' uiAccess='false'" /manifest:embed /DEBUG /PDB:"../Release\lomox.pdb" /MAP /SUBSYSTEM:WINDOWS /TLBID:1 /DYNAMICBASE /NXCOMPAT /IMPLIB:"../Release\lomox.lib" /MACHINE:X86 /SAFESEH /DLL Release\resource.res
         Release\stdafx.obj
         Release\lxbasewin.obj
         Release\lxcoreprivate.obj
         Release\lxwebpage.obj
         Release\lxwebpluginfactory.obj
         Release\lxcoreapplication.obj
         Release\lxdialogoperate.obj
         Release\lxdialogs.obj
         Release\lxdir.obj
         Release\lxfile.obj
         Release\lxlibmanager.obj
         Release\lxlibrary.obj
         Release\lomox.obj
         Release\lxoperate.obj
         Release\lxsqldatabase.obj
         Release\lxsqlquery.obj
         Release\moc_lxbasewin.obj
         Release\moc_lxcoreapplication.obj
         Release\moc_lxcoreprivate.obj
         Release\moc_lxdialogoperate.obj
         Release\moc_lxdialogs.obj
         Release\moc_lxdir.obj
         Release\moc_lxfile.obj
         Release\moc_lxHttp.obj
         Release\moc_lxlibmanager.obj
         Release\moc_lxlibrary.obj
         Release\moc_lxoperate.obj
         Release\moc_lxwebpluginfactory.obj
         Release\lxhttp.obj
         Release\Lx_api.obj
            正在创建库 ../Release\lomox.lib 和对象 ../Release\lomox.exp
         lomox.vcxproj -> E:\github\lomox-svn\branches\lomox_IDE_20130301\lomox\../Release\lomox.dll
     1>已完成生成项目“E:\github\lomox-svn\branches\lomox_IDE_20130301\lomox\lomox.vcxproj”(Build 个目标)的操作。

生成成功。

已用时间 00:03:58.51
