生成启动时间为 2013/11/7 9:28:41。
     1>项目“D:\GameDev2\lomox\lomox\lomox.vcxproj”在节点 2 上(Build 个目标)。
     1>CustomBuild:
         Moc'ing lxbasewin.h...
         系统找不到指定的路径。
         Moc'ing lxcoreprivate.h...
         系统找不到指定的路径。
         Moc'ing lxwebpluginfactory.h...
         系统找不到指定的路径。
         Moc'ing lxcoreapplication.h...
         系统找不到指定的路径。
         Moc'ing lxdialogoperate.h...
         系统找不到指定的路径。
         Moc'ing lxdialogs.h...
         系统找不到指定的路径。
         Moc'ing lxdir.h...
         系统找不到指定的路径。
         Moc'ing lxfile.h...
         系统找不到指定的路径。
         Moc'ing lxlibmanager.h...
         系统找不到指定的路径。
         Moc'ing lxoperate.h...
         系统找不到指定的路径。
         Moc'ing lxoption.h...
         系统找不到指定的路径。
         Moc'ing lxHttp.h...
         系统找不到指定的路径。
         Moc'ing lxresources.h...
         系统找不到指定的路径。
     1>C:\Program Files (x86)\MSBuild\Microsoft.Cpp\v4.0\V110\Microsoft.CppCommon.targets(172,5): error MSB6006: “cmd.exe”已退出，代码为 3。
     1>已完成生成项目“D:\GameDev2\lomox\lomox\lomox.vcxproj”(Build 个目标)的操作 - 失败。

生成失败。

已用时间 00:00:00.57
